2024-05-21 13:43:01,800.v3_listening_worker.INFO ==================================================
2024-05-21 13:43:01,800.v3_listening_worker.INFO Today is 2024-05-21 at 01:43 PM
2024-05-21 13:43:01,801.v3_listening_worker.INFO Running on: nt Windows 10
2024-05-21 13:43:01,801.v3_listening_worker.INFO Python version:  3.11.9
2024-05-21 13:43:01,801.v3_listening_worker.INFO Python path: C:\Program Files\WindowsApps\PythonSoftwareFoundation.Python.3.11_3.11.2544.0_x64__qbz5n2kfra8p0
2024-05-21 13:43:01,802.v3_listening_worker.INFO Working dir: C:\Users\bambe\OneDrive\Documents\NMSU\44671_StreamingData\Module_4\44671_streaming-04-multiple-consumers
2024-05-21 13:43:01,802.v3_listening_worker.INFO ==================================================
2024-05-21 13:43:01,820.v3_listening_worker.INFO  [*] Ready for work. To exit press CTRL+C
2024-05-21 13:43:15,888.v3_listening_worker.INFO  [x] Received Second task....22024-05-21 13:43:19,889.v3_listening_worker.INFO  [x] Done.
2024-05-21 13:43:19,889.v3_listening_worker.INFO  [x] Received Forth task...
2024-05-21 13:43:23,882.v3_listening_worker.INFO  [x] Done.
2024-05-21 13:43:23,886.v3_listening_worker.INFO  [x] Received Sixth task...
2024-05-21 13:43:26,888.v3_listening_worker.INFO  [x] Done.
2024-05-21 14:01:05,212.v3_listening_worker.INFO  [x] Received Second task....22024-05-21 14:01:09,214.v3_listening_worker.INFO  [x] Done.
2024-05-21 14:01:09,215.v3_listening_worker.INFO  [x] Received Forth task...
2024-05-21 14:01:13,209.v3_listening_worker.INFO  [x] Done.
2024-05-21 14:01:13,212.v3_listening_worker.INFO  [x] Received Sixth task...
2024-05-21 14:01:16,213.v3_listening_worker.INFO  [x] Done.
2024-05-21 14:02:16,342.v3_listening_worker.INFO  [x] Received Second task....22024-05-21 14:02:20,344.v3_listening_worker.INFO  [x] Done.
2024-05-21 14:02:20,347.v3_listening_worker.INFO  [x] Received Fourth task...2024-05-21 14:02:24,342.v3_listening_worker.INFO  [x] Done.
2024-05-21 14:02:24,345.v3_listening_worker.INFO  [x] Received Sixth task...
2024-05-21 14:02:27,346.v3_listening_worker.INFO  [x] Done.

